[31mERROR[39m: error al conectar a DB: bad auth : authentication failed
[31mERROR[39m: undefined {"code":"ERR_HTTP_HEADERS_SENT"}
[31mERROR[39m: undefined
[31mERROR[39m: undefined {"code":"ERR_HTTP_HEADERS_SENT"}
[31mERROR[39m: undefined {"code":"ERR_HTTP_HEADERS_SENT"}
[31mERROR[39m: undefined {"code":"ERR_HTTP_HEADERS_SENT"}
[31mERROR[39m: undefined
[31mERROR[39m: undefined
[31mERROR[39m: undefined
[31mERROR[39m: undefined
[31mERROR[39m: undefined
[31mERROR[39m: undefined
[31mERROR[39m: undefined {"code":"ERR_HTTP_HEADERS_SENT"}
[31mERROR[39m: undefined
[31mERROR[39m: undefined {"code":"ERR_HTTP_HEADERS_SENT"}
[31mERROR[39m: undefined
[31mERROR[39m: undefined
[31mERROR[39m: undefined
[31mERROR[39m: undefined
[31mERROR[39m: undefined
[31mERROR[39m: Error en CartRepository.getCartById: El id 68571ccfe8d046425d3b217 no es un ObjectId válido
[31mERROR[39m: Error en CartRepository.getCartById: El id 68571ccfe8d046425d3b217 no es un ObjectId válido
[31mERROR[39m: Error en CartRepository.getCartById: El id 68571ccfe8d046425d3b217 no es un ObjectId válido
[31mERROR[39m: Error en CartRepository.getCartById: Error al encontrar el carrito: ID inválido: 68571ccfe8d046425d3b217
[31mERROR[39m: Error en CartRepository.getCartById: Error al encontrar el carrito: Cast to ObjectId failed for value "68571ccfe8d046425d3b217" (type string) at path "_id" for model "carts"
[31mERROR[39m: Error en CartRepository.getCartById: Error al encontrar el carrito: ID inválido: 68571ccfe8d046425d3b217
[31mERROR[39m: Error en CartRepository.getCartById: El id 68571ccfe8d046425d3b217 no es un ObjectId válido
[31mERROR[39m: Error en CartRepository.getCartById: El id 68571ccfe8d046425d3b217 no es un ObjectId válido
[31mERROR[39m: Error al encontrar el carrito: El id 68571ccfe8d046425d3b217 no es un ObjectId válido {"stack":"Error: El id 68571ccfe8d046425d3b217 no es un ObjectId válido\n    at CartRepository.getCartById (file:///C:/Users/Jorge/Desktop/PF-Gonzalez/src/repositories/cart.repository.js:14:15)\n    at CartService.getCartById (file:///C:/Users/Jorge/Desktop/PF-Gonzalez/src/services/cart.service.js:19:47)\n    at getCart (file:///C:/Users/Jorge/Desktop/PF-Gonzalez/src/controllers/cart.controller.js:7:38)\n    at Layer.handle [as handle_request] (C:\\Users\\Jorge\\Desktop\\PF-Gonzalez\\node_modules\\express\\lib\\router\\layer.js:95:5)\n    at next (C:\\Users\\Jorge\\Desktop\\PF-Gonzalez\\node_modules\\express\\lib\\router\\route.js:149:13)\n    at Route.dispatch (C:\\Users\\Jorge\\Desktop\\PF-Gonzalez\\node_modules\\express\\lib\\router\\route.js:119:3)\n    at Layer.handle [as handle_request] (C:\\Users\\Jorge\\Desktop\\PF-Gonzalez\\node_modules\\express\\lib\\router\\layer.js:95:5)\n    at C:\\Users\\Jorge\\Desktop\\PF-Gonzalez\\node_modules\\express\\lib\\router\\index.js:284:15\n    at param (C:\\Users\\Jorge\\Desktop\\PF-Gonzalez\\node_modules\\express\\lib\\router\\index.js:365:14)\n    at param (C:\\Users\\Jorge\\Desktop\\PF-Gonzalez\\node_modules\\express\\lib\\router\\index.js:376:14)"}
[31mERROR[39m: Error en CartRepository.getCartById: Error al encontrar el carrito: Cast to ObjectId failed for value "68571ccfe8d046425d3b217" (type string) at path "_id" for model "carts"
[31mERROR[39m: Error al encontrar el carrito: Error al encontrar el carrito: Cast to ObjectId failed for value "68571ccfe8d046425d3b217" (type string) at path "_id" for model "carts" {"stack":"Error: Error al encontrar el carrito: Cast to ObjectId failed for value \"68571ccfe8d046425d3b217\" (type string) at path \"_id\" for model \"carts\"\n    at CartDAO.findById (file:///C:/Users/Jorge/Desktop/PF-Gonzalez/src/dao/cart.dao.js:12:13)\n    at process.processTicksAndRejections (node:internal/process/task_queues:95:5)\n    at async CartRepository.getCartById (file:///C:/Users/Jorge/Desktop/PF-Gonzalez/src/repositories/cart.repository.js:16:20)\n    at async CartService.getCartById (file:///C:/Users/Jorge/Desktop/PF-Gonzalez/src/services/cart.service.js:19:26)\n    at async getCart (file:///C:/Users/Jorge/Desktop/PF-Gonzalez/src/controllers/cart.controller.js:7:20)"}
[31mERROR[39m: Error en CartRepository.getCartById: Error al encontrar el carrito: Cast to ObjectId failed for value "68571ccfe8d046425d3b217" (type string) at path "_id" for model "carts"
[31mERROR[39m: Error al encontrar el carrito: Error al encontrar el carrito: Cast to ObjectId failed for value "68571ccfe8d046425d3b217" (type string) at path "_id" for model "carts" {"stack":"Error: Error al encontrar el carrito: Cast to ObjectId failed for value \"68571ccfe8d046425d3b217\" (type string) at path \"_id\" for model \"carts\"\n    at CartDAO.findById (file:///C:/Users/Jorge/Desktop/PF-Gonzalez/src/dao/cart.dao.js:12:13)\n    at process.processTicksAndRejections (node:internal/process/task_queues:95:5)\n    at async CartRepository.getCartById (file:///C:/Users/Jorge/Desktop/PF-Gonzalez/src/repositories/cart.repository.js:16:20)\n    at async CartService.getCartById (file:///C:/Users/Jorge/Desktop/PF-Gonzalez/src/services/cart.service.js:19:26)\n    at async getCart (file:///C:/Users/Jorge/Desktop/PF-Gonzalez/src/controllers/cart.controller.js:7:20)"}
[31mERROR[39m: Error en CartRepository.getCartById: Error al encontrar el carrito: Cast to ObjectId failed for value "68571ccfe8d046425d3b217" (type string) at path "_id" for model "carts"
[31mERROR[39m: Error al encontrar el carrito: Error al encontrar el carrito: Cast to ObjectId failed for value "68571ccfe8d046425d3b217" (type string) at path "_id" for model "carts" {"stack":"Error: Error al encontrar el carrito: Cast to ObjectId failed for value \"68571ccfe8d046425d3b217\" (type string) at path \"_id\" for model \"carts\"\n    at CartDAO.findById (file:///C:/Users/Jorge/Desktop/PF-Gonzalez/src/dao/cart.dao.js:12:13)\n    at process.processTicksAndRejections (node:internal/process/task_queues:95:5)\n    at async CartRepository.getCartById (file:///C:/Users/Jorge/Desktop/PF-Gonzalez/src/repositories/cart.repository.js:16:20)\n    at async CartService.getCartById (file:///C:/Users/Jorge/Desktop/PF-Gonzalez/src/services/cart.service.js:19:26)\n    at async getCart (file:///C:/Users/Jorge/Desktop/PF-Gonzalez/src/controllers/cart.controller.js:7:20)"}
[31mERROR[39m: Error en CartRepository.getCartById: El id 68571ccfe8d046425d3b217 no es un ObjectId válido
[31mERROR[39m: Error al encontrar el carrito: El id 68571ccfe8d046425d3b217 no es un ObjectId válido {"stack":"Error: El id 68571ccfe8d046425d3b217 no es un ObjectId válido\n    at CartRepository.getCartById (file:///C:/Users/Jorge/Desktop/PF-Gonzalez/src/repositories/cart.repository.js:14:15)\n    at CartService.getCartById (file:///C:/Users/Jorge/Desktop/PF-Gonzalez/src/services/cart.service.js:19:47)\n    at getCart (file:///C:/Users/Jorge/Desktop/PF-Gonzalez/src/controllers/cart.controller.js:7:38)\n    at Layer.handle [as handle_request] (C:\\Users\\Jorge\\Desktop\\PF-Gonzalez\\node_modules\\express\\lib\\router\\layer.js:95:5)\n    at next (C:\\Users\\Jorge\\Desktop\\PF-Gonzalez\\node_modules\\express\\lib\\router\\route.js:149:13)\n    at Route.dispatch (C:\\Users\\Jorge\\Desktop\\PF-Gonzalez\\node_modules\\express\\lib\\router\\route.js:119:3)\n    at Layer.handle [as handle_request] (C:\\Users\\Jorge\\Desktop\\PF-Gonzalez\\node_modules\\express\\lib\\router\\layer.js:95:5)\n    at C:\\Users\\Jorge\\Desktop\\PF-Gonzalez\\node_modules\\express\\lib\\router\\index.js:284:15\n    at param (C:\\Users\\Jorge\\Desktop\\PF-Gonzalez\\node_modules\\express\\lib\\router\\index.js:365:14)\n    at param (C:\\Users\\Jorge\\Desktop\\PF-Gonzalez\\node_modules\\express\\lib\\router\\index.js:376:14)"}
[31mERROR[39m: undefined
